05-04 16:32:52 com_github_MitjaNemec_ReplicateLayout.action_replicate_layout 359:Plugin executed on: 'win32'
05-04 16:32:52 com_github_MitjaNemec_ReplicateLayout.action_replicate_layout 360:Plugin executed with python version: '3.9.14 (main, Dec 23 2022, 23:36:19) [MSC v.1934 64 bit (AMD64)]'
05-04 16:32:52 com_github_MitjaNemec_ReplicateLayout.action_replicate_layout 361:KiCad build version: (7.0.0)
05-04 16:32:52 com_github_MitjaNemec_ReplicateLayout.action_replicate_layout 362:Plugin version: 2.0.9
05-04 16:32:52 com_github_MitjaNemec_ReplicateLayout.action_replicate_layout 363:Frame repr: <wx._core.Frame object at 0x0000015B2D3F2EE0>
05-04 16:32:52 com_github_MitjaNemec_ReplicateLayout.action_replicate_layout 387:Preparing replicator with U2 as a reference
05-04 16:32:52 com_github_MitjaNemec_ReplicateLayout.replicate_layout 113:getting a list of all footprints on board
05-04 16:32:52 com_github_MitjaNemec_ReplicateLayout.replicate_layout 132:Footprint MH4 does not have Sheetfile property, it will not be replicated. Most likely it is only in schematics
05-04 16:32:52 com_github_MitjaNemec_ReplicateLayout.replicate_layout 132:Footprint MH1 does not have Sheetfile property, it will not be replicated. Most likely it is only in schematics
05-04 16:32:52 com_github_MitjaNemec_ReplicateLayout.replicate_layout 132:Footprint MH2 does not have Sheetfile property, it will not be replicated. Most likely it is only in schematics
05-04 16:32:52 com_github_MitjaNemec_ReplicateLayout.replicate_layout 132:Footprint MH3 does not have Sheetfile property, it will not be replicated. Most likely it is only in schematics
05-04 16:32:52 com_github_MitjaNemec_ReplicateLayout.action_replicate_layout 435:source anchor footprint is 'U2'
Located on: ['Relay_group2']
With filenames: ['Relay_group.kicad_sch']
With sheet_id:['Relay_group2']
05-04 16:32:52 com_github_MitjaNemec_ReplicateLayout.action_replicate_layout 442:Corresponding footprints are 
[('U1', ['Relay_group1']), ('U3', ['Relay_group3']), ('U5', ['Relay_group5']), ('U4', ['Relay_group4']), ('U2', ['Relay_group2']), ('U6', ['Relay_group6'])]
05-04 16:32:52 com_github_MitjaNemec_ReplicateLayout.action_replicate_layout 454:Showing dialog
05-04 16:32:52 com_github_MitjaNemec_ReplicateLayout.replicate_layout 384:constructing a list of sheets suitable for replication on level:'Relay_group2', file:'Relay_group.kicad_sch'
05-04 16:32:52 com_github_MitjaNemec_ReplicateLayout.replicate_layout 421:suitable sheets are:[['Relay_group1'], ['Relay_group3'], ['Relay_group4'], ['Relay_group5'], ['Relay_group6']]
05-04 16:32:52 com_github_MitjaNemec_ReplicateLayout.replicate_layout 1341:Level selected: ['Relay_group2']
05-04 16:32:52 com_github_MitjaNemec_ReplicateLayout.replicate_layout 1176:Filtering list of tracks
05-04 16:32:52 com_github_MitjaNemec_ReplicateLayout.action_replicate_layout 460:Toolbar position: wx.Point(1691, 117)
05-04 16:32:52 com_github_MitjaNemec_ReplicateLayout.action_replicate_layout 465:Dialog position: wx.Point(1327, 117)
05-04 16:32:54 com_github_MitjaNemec_ReplicateLayout.replicate_layout 384:constructing a list of sheets suitable for replication on level:'Relay_group2', file:'Relay_group.kicad_sch'
05-04 16:32:54 com_github_MitjaNemec_ReplicateLayout.replicate_layout 421:suitable sheets are:[['Relay_group1'], ['Relay_group3'], ['Relay_group4'], ['Relay_group5'], ['Relay_group6']]
05-04 16:32:54 com_github_MitjaNemec_ReplicateLayout.action_replicate_layout 207:Replicating layout
05-04 16:32:54 com_github_MitjaNemec_ReplicateLayout.replicate_layout 230:Starting replication of sheets: [['Relay_group1'], ['Relay_group3'], ['Relay_group4'], ['Relay_group5'], ['Relay_group6']]
on level: ['Relay_group2']
with tracks=True, zone=True, text=True, text=True, intersecting=False, remove=False, locked footprints=False, group_only=False
05-04 16:32:54 root 299:updating GUI message: 'Preparing for replication'
05-04 16:32:54 root 304:updating GUI with: 0
05-04 16:32:54 com_github_MitjaNemec_ReplicateLayout.replicate_layout 300:Getting the list of source footprints
05-04 16:32:54 root 304:updating GUI with: 0
05-04 16:32:54 com_github_MitjaNemec_ReplicateLayout.replicate_layout 310:Getting the list of all the remaining footprints
05-04 16:32:54 com_github_MitjaNemec_ReplicateLayout.replicate_layout 317:Getting source tracks
05-04 16:32:54 com_github_MitjaNemec_ReplicateLayout.replicate_layout 1176:Filtering list of tracks
05-04 16:32:54 com_github_MitjaNemec_ReplicateLayout.replicate_layout 321:Getting source zones
05-04 16:32:54 com_github_MitjaNemec_ReplicateLayout.replicate_layout 325:Getting source text items
05-04 16:32:54 root 304:updating GUI with: 66
05-04 16:32:54 com_github_MitjaNemec_ReplicateLayout.replicate_layout 329:Getting source drawing items
05-04 16:32:54 root 299:updating GUI message: 'Replicating footprints'
05-04 16:32:54 com_github_MitjaNemec_ReplicateLayout.replicate_layout 733:Replicating footprints
05-04 16:32:54 com_github_MitjaNemec_ReplicateLayout.replicate_layout 739:Replicating footprints on sheet ['Relay_group1']
05-04 16:32:54 com_github_MitjaNemec_ReplicateLayout.replicate_layout 739:Replicating footprints on sheet ['Relay_group3']
05-04 16:32:54 com_github_MitjaNemec_ReplicateLayout.replicate_layout 739:Replicating footprints on sheet ['Relay_group4']
05-04 16:32:54 com_github_MitjaNemec_ReplicateLayout.replicate_layout 739:Replicating footprints on sheet ['Relay_group5']
05-04 16:32:54 root 304:updating GUI with: 80
05-04 16:32:54 com_github_MitjaNemec_ReplicateLayout.replicate_layout 739:Replicating footprints on sheet ['Relay_group6']
05-04 16:32:54 root 299:updating GUI message: 'Replicating tracks'
05-04 16:32:54 com_github_MitjaNemec_ReplicateLayout.replicate_layout 898:Replicating tracks
05-04 16:32:54 com_github_MitjaNemec_ReplicateLayout.replicate_layout 904:Replicating tracks on sheet ['Relay_group1']
05-04 16:32:54 com_github_MitjaNemec_ReplicateLayout.replicate_layout 714:Cannot pair src net: ['', 'Relay_group1', 'serial_out'] and dst net: ['serial_in']
05-04 16:32:54 com_github_MitjaNemec_ReplicateLayout.replicate_layout 728:Net pairs for sheet ['Relay_group1'] :[('Net-(K2-Pad2)', 'Net-(K10-Pad2)'), ('unconnected-(K7-Pad2)', 'unconnected-(K15-Pad2)'), ('serial_clock', 'serial_clock'), ('+5V', '+5V'), ('Net-(U2-DRAIN5)', 'Net-(U1-DRAIN5)'), ('Net-(K5-Pad4)', 'Net-(K13-Pad4)'), ('CH_3', 'CH_1'), ('ch3', 'ch3'), ('OUT_P', 'OUT_P'), ('CH_4', 'CH_2'), ('ch4', 'ch4'), ('OUT_N', 'OUT_N'), ('Net-(U2-DRAIN4)', 'Net-(U1-DRAIN4)'), ('Earth', 'Earth'), ('Net-(U2-DRAIN2)', 'Net-(U1-DRAIN2)'), ('Net-(K2-Pad4)', 'Net-(K10-Pad4)'), ('Net-(K6-Pad2)', 'Net-(K14-Pad2)'), ('unconnected-(K3-Pad7)', 'unconnected-(K11-Pad7)'), ('device_enable', 'device_enable'), ('+12V', '+12V'), ('unconnected-(K8-Pad2)', 'unconnected-(K16-Pad2)'), ('unconnected-(K3-Pad2)', 'unconnected-(K11-Pad2)'), ('Net-(U2-DRAIN0)', 'Net-(U1-DRAIN0)'), ('Net-(U2-DRAIN6)', 'Net-(U1-DRAIN6)'), ('Net-(K1-Pad4)', 'Net-(K10-Pad6)'), ('transfer', 'transfer'), ('unconnected-(K4-Pad7)', 'unconnected-(K12-Pad7)'), ('ch2', 'ch2'), ('synchronous_clear', 'synchronous_clear'), ('Net-(U2-DRAIN1)', 'Net-(U1-DRAIN1)'), ('Net-(K6-Pad4)', 'Net-(K14-Pad4)'), ('ch1', 'ch1'), ('Net-(K5-Pad2)', 'Net-(K13-Pad2)'), ('/Relay_group2/serial_out', '/Relay_group1/serial_out'), ('unconnected-(K4-Pad2)', 'unconnected-(K12-Pad2)'), ('Net-(U2-DRAIN7)', 'Net-(U1-DRAIN7)'), ('Net-(K1-Pad2)', 'Net-(K10-Pad3)'), ('unconnected-(K7-Pad7)', 'unconnected-(K15-Pad7)'), ('unconnected-(K8-Pad7)', 'unconnected-(K16-Pad7)'), ('Net-(U2-DRAIN3)', 'Net-(U1-DRAIN3)')]
05-04 16:32:54 com_github_MitjaNemec_ReplicateLayout.replicate_layout 904:Replicating tracks on sheet ['Relay_group3']
05-04 16:32:54 com_github_MitjaNemec_ReplicateLayout.replicate_layout 728:Net pairs for sheet ['Relay_group3'] :[('Net-(U2-DRAIN4)', 'Net-(U3-DRAIN4)'), ('serial_clock', 'serial_clock'), ('+5V', '+5V'), ('Net-(K1-Pad4)', 'Net-(K17-Pad4)'), ('Net-(U2-DRAIN7)', 'Net-(U3-DRAIN7)'), ('unconnected-(K3-Pad2)', 'unconnected-(K19-Pad2)'), ('Net-(U2-DRAIN0)', 'Net-(U3-DRAIN0)'), ('OUT_P', 'OUT_P'), ('ch3', 'ch3'), ('unconnected-(K4-Pad7)', 'unconnected-(K20-Pad7)'), ('Net-(K5-Pad2)', 'Net-(K21-Pad2)'), ('ch4', 'ch4'), ('Net-(K2-Pad2)', 'Net-(K18-Pad2)'), ('OUT_N', 'OUT_N'), ('Earth', 'Earth'), ('Net-(U2-DRAIN5)', 'Net-(U3-DRAIN5)'), ('device_enable', 'device_enable'), ('+12V', '+12V'), ('Net-(K5-Pad4)', 'Net-(K21-Pad4)'), ('CH_3', 'CH_5'), ('Net-(K6-Pad2)', 'Net-(K22-Pad2)'), ('unconnected-(K3-Pad7)', 'unconnected-(K19-Pad7)'), ('unconnected-(K8-Pad2)', 'unconnected-(K24-Pad2)'), ('transfer', 'transfer'), ('unconnected-(K7-Pad7)', 'unconnected-(K23-Pad7)'), ('ch2', 'ch2'), ('Net-(U2-DRAIN2)', 'Net-(U3-DRAIN2)'), ('synchronous_clear', 'synchronous_clear'), ('Net-(K1-Pad2)', 'Net-(K17-Pad2)'), ('Net-(U2-DRAIN6)', 'Net-(U3-DRAIN6)'), ('/Relay_group1/serial_out', '/Relay_group2/serial_out'), ('ch1', 'ch1'), ('Net-(U2-DRAIN1)', 'Net-(U3-DRAIN1)'), ('unconnected-(K4-Pad2)', 'unconnected-(K20-Pad2)'), ('Net-(K6-Pad4)', 'Net-(K22-Pad4)'), ('Net-(U2-DRAIN3)', 'Net-(U3-DRAIN3)'), ('Net-(K2-Pad4)', 'Net-(K18-Pad4)'), ('unconnected-(K7-Pad2)', 'unconnected-(K23-Pad2)'), ('CH_4', 'CH_6'), ('unconnected-(K8-Pad7)', 'unconnected-(K24-Pad7)'), ('/Relay_group2/serial_out', '/Relay_group3/serial_out')]
05-04 16:32:54 com_github_MitjaNemec_ReplicateLayout.replicate_layout 904:Replicating tracks on sheet ['Relay_group4']
05-04 16:32:54 com_github_MitjaNemec_ReplicateLayout.replicate_layout 728:Net pairs for sheet ['Relay_group4'] :[('unconnected-(K8-Pad2)', 'unconnected-(K32-Pad2)'), ('serial_clock', 'serial_clock'), ('unconnected-(K3-Pad7)', 'unconnected-(K27-Pad7)'), ('+5V', '+5V'), ('ch3', 'ch3'), ('OUT_P', 'OUT_P'), ('ch4', 'ch4'), ('/Relay_group1/serial_out', '/Relay_group3/serial_out'), ('Net-(U2-DRAIN1)', 'Net-(U4-DRAIN1)'), ('OUT_N', 'OUT_N'), ('Earth', 'Earth'), ('unconnected-(K7-Pad7)', 'unconnected-(K31-Pad7)'), ('Net-(K6-Pad2)', 'Net-(K30-Pad2)'), ('Net-(U2-DRAIN7)', 'Net-(U4-DRAIN7)'), ('Net-(K6-Pad4)', 'Net-(K30-Pad4)'), ('unconnected-(K4-Pad7)', 'unconnected-(K28-Pad7)'), ('Net-(K1-Pad2)', 'Net-(K25-Pad2)'), ('Net-(U2-DRAIN3)', 'Net-(U4-DRAIN3)'), ('device_enable', 'device_enable'), ('+12V', '+12V'), ('Net-(K2-Pad2)', 'Net-(K26-Pad2)'), ('Net-(K5-Pad4)', 'Net-(K29-Pad4)'), ('CH_3', 'CH_7'), ('Net-(U2-DRAIN2)', 'Net-(U4-DRAIN2)'), ('/Relay_group2/serial_out', '/Relay_group4/serial_out'), ('Net-(K5-Pad2)', 'Net-(K29-Pad2)'), ('unconnected-(K7-Pad2)', 'unconnected-(K31-Pad2)'), ('transfer', 'transfer'), ('ch2', 'ch2'), ('Net-(U2-DRAIN4)', 'Net-(U4-DRAIN4)'), ('Net-(U2-DRAIN5)', 'Net-(U4-DRAIN5)'), ('Net-(U2-DRAIN6)', 'Net-(U4-DRAIN6)'), ('synchronous_clear', 'synchronous_clear'), ('unconnected-(K3-Pad2)', 'unconnected-(K27-Pad2)'), ('Net-(K1-Pad4)', 'Net-(K25-Pad4)'), ('unconnected-(K8-Pad7)', 'unconnected-(K32-Pad7)'), ('ch1', 'ch1'), ('unconnected-(K4-Pad2)', 'unconnected-(K28-Pad2)'), ('CH_4', 'CH_8'), ('Net-(U2-DRAIN0)', 'Net-(U4-DRAIN0)'), ('Net-(K2-Pad4)', 'Net-(K26-Pad4)')]
05-04 16:32:54 root 304:updating GUI with: 40
05-04 16:32:54 com_github_MitjaNemec_ReplicateLayout.replicate_layout 904:Replicating tracks on sheet ['Relay_group5']
05-04 16:32:54 com_github_MitjaNemec_ReplicateLayout.replicate_layout 728:Net pairs for sheet ['Relay_group5'] :[('unconnected-(K8-Pad7)', 'unconnected-(K40-Pad7)'), ('serial_clock', 'serial_clock'), ('+5V', '+5V'), ('/Relay_group2/serial_out', '/Relay_group5/serial_out'), ('ch3', 'ch3'), ('OUT_P', 'OUT_P'), ('Net-(U2-DRAIN0)', 'Net-(U5-DRAIN0)'), ('ch4', 'ch4'), ('unconnected-(K8-Pad2)', 'unconnected-(K40-Pad2)'), ('Net-(K2-Pad2)', 'Net-(K34-Pad2)'), ('Net-(K1-Pad4)', 'Net-(K33-Pad4)'), ('OUT_N', 'OUT_N'), ('Net-(K5-Pad2)', 'Net-(K37-Pad2)'), ('Earth', 'Earth'), ('Net-(K6-Pad2)', 'Net-(K38-Pad2)'), ('device_enable', 'device_enable'), ('unconnected-(K4-Pad2)', 'unconnected-(K36-Pad2)'), ('+12V', '+12V'), ('Net-(K5-Pad4)', 'Net-(K37-Pad4)'), ('Net-(U2-DRAIN7)', 'Net-(U5-DRAIN7)'), ('CH_3', 'CH_9'), ('Net-(K1-Pad2)', 'Net-(K33-Pad2)'), ('Net-(U2-DRAIN5)', 'Net-(U5-DRAIN5)'), ('Net-(U2-DRAIN1)', 'Net-(U5-DRAIN1)'), ('transfer', 'transfer'), ('Net-(K2-Pad4)', 'Net-(K34-Pad4)'), ('Net-(U2-DRAIN6)', 'Net-(U5-DRAIN6)'), ('Net-(K6-Pad4)', 'Net-(K38-Pad4)'), ('ch2', 'ch2'), ('synchronous_clear', 'synchronous_clear'), ('/Relay_group1/serial_out', '/Relay_group4/serial_out'), ('ch1', 'ch1'), ('Net-(U2-DRAIN4)', 'Net-(U5-DRAIN4)'), ('Net-(U2-DRAIN2)', 'Net-(U5-DRAIN2)'), ('unconnected-(K4-Pad7)', 'unconnected-(K36-Pad7)'), ('CH_4', 'CH_10'), ('Net-(U2-DRAIN3)', 'Net-(U5-DRAIN3)'), ('unconnected-(K7-Pad7)', 'unconnected-(K39-Pad7)'), ('unconnected-(K3-Pad2)', 'unconnected-(K35-Pad2)'), ('unconnected-(K7-Pad2)', 'unconnected-(K39-Pad2)'), ('unconnected-(K3-Pad7)', 'unconnected-(K35-Pad7)')]
05-04 16:32:54 com_github_MitjaNemec_ReplicateLayout.replicate_layout 904:Replicating tracks on sheet ['Relay_group6']
05-04 16:32:54 com_github_MitjaNemec_ReplicateLayout.replicate_layout 728:Net pairs for sheet ['Relay_group6'] :[('Net-(U2-DRAIN0)', 'Net-(U6-DRAIN0)'), ('unconnected-(K4-Pad2)', 'unconnected-(K44-Pad2)'), ('serial_clock', 'serial_clock'), ('+5V', '+5V'), ('Net-(K6-Pad2)', 'Net-(K46-Pad2)'), ('OUT_P', 'OUT_P'), ('ch3', 'ch3'), ('ch4', 'ch4'), ('OUT_N', 'OUT_N'), ('Net-(K1-Pad2)', 'Net-(K41-Pad2)'), ('Earth', 'Earth'), ('Net-(K2-Pad4)', 'Net-(K42-Pad4)'), ('CH_3', 'CH_11'), ('/Relay_group1/serial_out', '/Relay_group5/serial_out'), ('device_enable', 'device_enable'), ('+12V', '+12V'), ('unconnected-(K7-Pad7)', 'unconnected-(K47-Pad7)'), ('Net-(U2-DRAIN1)', 'Net-(U6-DRAIN1)'), ('Net-(U2-DRAIN4)', 'Net-(U6-DRAIN4)'), ('/Relay_group2/serial_out', '/Relay_group6/serial_out'), ('Net-(U2-DRAIN3)', 'Net-(U6-DRAIN3)'), ('Net-(K6-Pad4)', 'Net-(K46-Pad4)'), ('Net-(K1-Pad4)', 'Net-(K41-Pad4)'), ('transfer', 'transfer'), ('ch2', 'ch2'), ('Net-(K2-Pad2)', 'Net-(K42-Pad2)'), ('Net-(U2-DRAIN7)', 'Net-(U6-DRAIN7)'), ('unconnected-(K7-Pad2)', 'unconnected-(K47-Pad2)'), ('Net-(U2-DRAIN5)', 'Net-(U6-DRAIN5)'), ('synchronous_clear', 'synchronous_clear'), ('Net-(U2-DRAIN6)', 'Net-(U6-DRAIN6)'), ('Net-(K5-Pad4)', 'Net-(K45-Pad4)'), ('unconnected-(K8-Pad7)', 'unconnected-(K48-Pad7)'), ('CH_4', 'CH_12'), ('ch1', 'ch1'), ('unconnected-(K3-Pad2)', 'unconnected-(K43-Pad2)'), ('Net-(K5-Pad2)', 'Net-(K45-Pad2)'), ('unconnected-(K3-Pad7)', 'unconnected-(K43-Pad7)'), ('unconnected-(K8-Pad2)', 'unconnected-(K48-Pad2)'), ('Net-(U2-DRAIN2)', 'Net-(U6-DRAIN2)'), ('unconnected-(K4-Pad7)', 'unconnected-(K44-Pad7)')]
05-04 16:32:54 root 304:updating GUI with: 99
05-04 16:32:54 root 299:updating GUI message: 'Replicating zones'
05-04 16:32:54 com_github_MitjaNemec_ReplicateLayout.replicate_layout 956:Replicating zones
05-04 16:32:54 com_github_MitjaNemec_ReplicateLayout.replicate_layout 963:Replicating zones on sheet ['Relay_group1']
05-04 16:32:54 com_github_MitjaNemec_ReplicateLayout.replicate_layout 714:Cannot pair src net: ['', 'Relay_group1', 'serial_out'] and dst net: ['serial_in']
05-04 16:32:54 com_github_MitjaNemec_ReplicateLayout.replicate_layout 728:Net pairs for sheet ['Relay_group1'] :[('Net-(K2-Pad2)', 'Net-(K10-Pad2)'), ('unconnected-(K7-Pad2)', 'unconnected-(K15-Pad2)'), ('serial_clock', 'serial_clock'), ('+5V', '+5V'), ('Net-(U2-DRAIN5)', 'Net-(U1-DRAIN5)'), ('Net-(K5-Pad4)', 'Net-(K13-Pad4)'), ('CH_3', 'CH_1'), ('ch3', 'ch3'), ('OUT_P', 'OUT_P'), ('CH_4', 'CH_2'), ('ch4', 'ch4'), ('OUT_N', 'OUT_N'), ('Net-(U2-DRAIN4)', 'Net-(U1-DRAIN4)'), ('Earth', 'Earth'), ('Net-(U2-DRAIN2)', 'Net-(U1-DRAIN2)'), ('Net-(K2-Pad4)', 'Net-(K10-Pad4)'), ('Net-(K6-Pad2)', 'Net-(K14-Pad2)'), ('unconnected-(K3-Pad7)', 'unconnected-(K11-Pad7)'), ('device_enable', 'device_enable'), ('+12V', '+12V'), ('unconnected-(K8-Pad2)', 'unconnected-(K16-Pad2)'), ('unconnected-(K3-Pad2)', 'unconnected-(K11-Pad2)'), ('Net-(U2-DRAIN0)', 'Net-(U1-DRAIN0)'), ('Net-(U2-DRAIN6)', 'Net-(U1-DRAIN6)'), ('Net-(K1-Pad4)', 'Net-(K10-Pad6)'), ('transfer', 'transfer'), ('unconnected-(K4-Pad7)', 'unconnected-(K12-Pad7)'), ('ch2', 'ch2'), ('synchronous_clear', 'synchronous_clear'), ('Net-(U2-DRAIN1)', 'Net-(U1-DRAIN1)'), ('Net-(K6-Pad4)', 'Net-(K14-Pad4)'), ('ch1', 'ch1'), ('Net-(K5-Pad2)', 'Net-(K13-Pad2)'), ('/Relay_group2/serial_out', '/Relay_group1/serial_out'), ('unconnected-(K4-Pad2)', 'unconnected-(K12-Pad2)'), ('Net-(U2-DRAIN7)', 'Net-(U1-DRAIN7)'), ('Net-(K1-Pad2)', 'Net-(K10-Pad3)'), ('unconnected-(K7-Pad7)', 'unconnected-(K15-Pad7)'), ('unconnected-(K8-Pad7)', 'unconnected-(K16-Pad7)'), ('Net-(U2-DRAIN3)', 'Net-(U1-DRAIN3)')]
05-04 16:32:54 com_github_MitjaNemec_ReplicateLayout.replicate_layout 963:Replicating zones on sheet ['Relay_group3']
05-04 16:32:54 com_github_MitjaNemec_ReplicateLayout.replicate_layout 728:Net pairs for sheet ['Relay_group3'] :[('Net-(U2-DRAIN4)', 'Net-(U3-DRAIN4)'), ('serial_clock', 'serial_clock'), ('+5V', '+5V'), ('Net-(K1-Pad4)', 'Net-(K17-Pad4)'), ('Net-(U2-DRAIN7)', 'Net-(U3-DRAIN7)'), ('unconnected-(K3-Pad2)', 'unconnected-(K19-Pad2)'), ('Net-(U2-DRAIN0)', 'Net-(U3-DRAIN0)'), ('OUT_P', 'OUT_P'), ('ch3', 'ch3'), ('unconnected-(K4-Pad7)', 'unconnected-(K20-Pad7)'), ('Net-(K5-Pad2)', 'Net-(K21-Pad2)'), ('ch4', 'ch4'), ('Net-(K2-Pad2)', 'Net-(K18-Pad2)'), ('OUT_N', 'OUT_N'), ('Earth', 'Earth'), ('Net-(U2-DRAIN5)', 'Net-(U3-DRAIN5)'), ('device_enable', 'device_enable'), ('+12V', '+12V'), ('Net-(K5-Pad4)', 'Net-(K21-Pad4)'), ('CH_3', 'CH_5'), ('Net-(K6-Pad2)', 'Net-(K22-Pad2)'), ('unconnected-(K3-Pad7)', 'unconnected-(K19-Pad7)'), ('unconnected-(K8-Pad2)', 'unconnected-(K24-Pad2)'), ('transfer', 'transfer'), ('unconnected-(K7-Pad7)', 'unconnected-(K23-Pad7)'), ('ch2', 'ch2'), ('Net-(U2-DRAIN2)', 'Net-(U3-DRAIN2)'), ('synchronous_clear', 'synchronous_clear'), ('Net-(K1-Pad2)', 'Net-(K17-Pad2)'), ('Net-(U2-DRAIN6)', 'Net-(U3-DRAIN6)'), ('/Relay_group1/serial_out', '/Relay_group2/serial_out'), ('ch1', 'ch1'), ('Net-(U2-DRAIN1)', 'Net-(U3-DRAIN1)'), ('unconnected-(K4-Pad2)', 'unconnected-(K20-Pad2)'), ('Net-(K6-Pad4)', 'Net-(K22-Pad4)'), ('Net-(U2-DRAIN3)', 'Net-(U3-DRAIN3)'), ('Net-(K2-Pad4)', 'Net-(K18-Pad4)'), ('unconnected-(K7-Pad2)', 'unconnected-(K23-Pad2)'), ('CH_4', 'CH_6'), ('unconnected-(K8-Pad7)', 'unconnected-(K24-Pad7)'), ('/Relay_group2/serial_out', '/Relay_group3/serial_out')]
05-04 16:32:54 com_github_MitjaNemec_ReplicateLayout.replicate_layout 963:Replicating zones on sheet ['Relay_group4']
05-04 16:32:54 com_github_MitjaNemec_ReplicateLayout.replicate_layout 728:Net pairs for sheet ['Relay_group4'] :[('unconnected-(K8-Pad2)', 'unconnected-(K32-Pad2)'), ('serial_clock', 'serial_clock'), ('unconnected-(K3-Pad7)', 'unconnected-(K27-Pad7)'), ('+5V', '+5V'), ('ch3', 'ch3'), ('OUT_P', 'OUT_P'), ('ch4', 'ch4'), ('/Relay_group1/serial_out', '/Relay_group3/serial_out'), ('Net-(U2-DRAIN1)', 'Net-(U4-DRAIN1)'), ('OUT_N', 'OUT_N'), ('Earth', 'Earth'), ('unconnected-(K7-Pad7)', 'unconnected-(K31-Pad7)'), ('Net-(K6-Pad2)', 'Net-(K30-Pad2)'), ('Net-(U2-DRAIN7)', 'Net-(U4-DRAIN7)'), ('Net-(K6-Pad4)', 'Net-(K30-Pad4)'), ('unconnected-(K4-Pad7)', 'unconnected-(K28-Pad7)'), ('Net-(K1-Pad2)', 'Net-(K25-Pad2)'), ('Net-(U2-DRAIN3)', 'Net-(U4-DRAIN3)'), ('device_enable', 'device_enable'), ('+12V', '+12V'), ('Net-(K2-Pad2)', 'Net-(K26-Pad2)'), ('Net-(K5-Pad4)', 'Net-(K29-Pad4)'), ('CH_3', 'CH_7'), ('Net-(U2-DRAIN2)', 'Net-(U4-DRAIN2)'), ('/Relay_group2/serial_out', '/Relay_group4/serial_out'), ('Net-(K5-Pad2)', 'Net-(K29-Pad2)'), ('unconnected-(K7-Pad2)', 'unconnected-(K31-Pad2)'), ('transfer', 'transfer'), ('ch2', 'ch2'), ('Net-(U2-DRAIN4)', 'Net-(U4-DRAIN4)'), ('Net-(U2-DRAIN5)', 'Net-(U4-DRAIN5)'), ('Net-(U2-DRAIN6)', 'Net-(U4-DRAIN6)'), ('synchronous_clear', 'synchronous_clear'), ('unconnected-(K3-Pad2)', 'unconnected-(K27-Pad2)'), ('Net-(K1-Pad4)', 'Net-(K25-Pad4)'), ('unconnected-(K8-Pad7)', 'unconnected-(K32-Pad7)'), ('ch1', 'ch1'), ('unconnected-(K4-Pad2)', 'unconnected-(K28-Pad2)'), ('CH_4', 'CH_8'), ('Net-(U2-DRAIN0)', 'Net-(U4-DRAIN0)'), ('Net-(K2-Pad4)', 'Net-(K26-Pad4)')]
05-04 16:32:54 com_github_MitjaNemec_ReplicateLayout.replicate_layout 963:Replicating zones on sheet ['Relay_group5']
05-04 16:32:54 com_github_MitjaNemec_ReplicateLayout.replicate_layout 728:Net pairs for sheet ['Relay_group5'] :[('unconnected-(K8-Pad7)', 'unconnected-(K40-Pad7)'), ('serial_clock', 'serial_clock'), ('+5V', '+5V'), ('/Relay_group2/serial_out', '/Relay_group5/serial_out'), ('ch3', 'ch3'), ('OUT_P', 'OUT_P'), ('Net-(U2-DRAIN0)', 'Net-(U5-DRAIN0)'), ('ch4', 'ch4'), ('unconnected-(K8-Pad2)', 'unconnected-(K40-Pad2)'), ('Net-(K2-Pad2)', 'Net-(K34-Pad2)'), ('Net-(K1-Pad4)', 'Net-(K33-Pad4)'), ('OUT_N', 'OUT_N'), ('Net-(K5-Pad2)', 'Net-(K37-Pad2)'), ('Earth', 'Earth'), ('Net-(K6-Pad2)', 'Net-(K38-Pad2)'), ('device_enable', 'device_enable'), ('unconnected-(K4-Pad2)', 'unconnected-(K36-Pad2)'), ('+12V', '+12V'), ('Net-(K5-Pad4)', 'Net-(K37-Pad4)'), ('Net-(U2-DRAIN7)', 'Net-(U5-DRAIN7)'), ('CH_3', 'CH_9'), ('Net-(K1-Pad2)', 'Net-(K33-Pad2)'), ('Net-(U2-DRAIN5)', 'Net-(U5-DRAIN5)'), ('Net-(U2-DRAIN1)', 'Net-(U5-DRAIN1)'), ('transfer', 'transfer'), ('Net-(K2-Pad4)', 'Net-(K34-Pad4)'), ('Net-(U2-DRAIN6)', 'Net-(U5-DRAIN6)'), ('Net-(K6-Pad4)', 'Net-(K38-Pad4)'), ('ch2', 'ch2'), ('synchronous_clear', 'synchronous_clear'), ('/Relay_group1/serial_out', '/Relay_group4/serial_out'), ('ch1', 'ch1'), ('Net-(U2-DRAIN4)', 'Net-(U5-DRAIN4)'), ('Net-(U2-DRAIN2)', 'Net-(U5-DRAIN2)'), ('unconnected-(K4-Pad7)', 'unconnected-(K36-Pad7)'), ('CH_4', 'CH_10'), ('Net-(U2-DRAIN3)', 'Net-(U5-DRAIN3)'), ('unconnected-(K7-Pad7)', 'unconnected-(K39-Pad7)'), ('unconnected-(K3-Pad2)', 'unconnected-(K35-Pad2)'), ('unconnected-(K7-Pad2)', 'unconnected-(K39-Pad2)'), ('unconnected-(K3-Pad7)', 'unconnected-(K35-Pad7)')]
05-04 16:32:54 com_github_MitjaNemec_ReplicateLayout.replicate_layout 963:Replicating zones on sheet ['Relay_group6']
05-04 16:32:54 com_github_MitjaNemec_ReplicateLayout.replicate_layout 728:Net pairs for sheet ['Relay_group6'] :[('Net-(U2-DRAIN0)', 'Net-(U6-DRAIN0)'), ('unconnected-(K4-Pad2)', 'unconnected-(K44-Pad2)'), ('serial_clock', 'serial_clock'), ('+5V', '+5V'), ('Net-(K6-Pad2)', 'Net-(K46-Pad2)'), ('OUT_P', 'OUT_P'), ('ch3', 'ch3'), ('ch4', 'ch4'), ('OUT_N', 'OUT_N'), ('Net-(K1-Pad2)', 'Net-(K41-Pad2)'), ('Earth', 'Earth'), ('Net-(K2-Pad4)', 'Net-(K42-Pad4)'), ('CH_3', 'CH_11'), ('/Relay_group1/serial_out', '/Relay_group5/serial_out'), ('device_enable', 'device_enable'), ('+12V', '+12V'), ('unconnected-(K7-Pad7)', 'unconnected-(K47-Pad7)'), ('Net-(U2-DRAIN1)', 'Net-(U6-DRAIN1)'), ('Net-(U2-DRAIN4)', 'Net-(U6-DRAIN4)'), ('/Relay_group2/serial_out', '/Relay_group6/serial_out'), ('Net-(U2-DRAIN3)', 'Net-(U6-DRAIN3)'), ('Net-(K6-Pad4)', 'Net-(K46-Pad4)'), ('Net-(K1-Pad4)', 'Net-(K41-Pad4)'), ('transfer', 'transfer'), ('ch2', 'ch2'), ('Net-(K2-Pad2)', 'Net-(K42-Pad2)'), ('Net-(U2-DRAIN7)', 'Net-(U6-DRAIN7)'), ('unconnected-(K7-Pad2)', 'unconnected-(K47-Pad2)'), ('Net-(U2-DRAIN5)', 'Net-(U6-DRAIN5)'), ('synchronous_clear', 'synchronous_clear'), ('Net-(U2-DRAIN6)', 'Net-(U6-DRAIN6)'), ('Net-(K5-Pad4)', 'Net-(K45-Pad4)'), ('unconnected-(K8-Pad7)', 'unconnected-(K48-Pad7)'), ('CH_4', 'CH_12'), ('ch1', 'ch1'), ('unconnected-(K3-Pad2)', 'unconnected-(K43-Pad2)'), ('Net-(K5-Pad2)', 'Net-(K45-Pad2)'), ('unconnected-(K3-Pad7)', 'unconnected-(K43-Pad7)'), ('unconnected-(K8-Pad2)', 'unconnected-(K48-Pad2)'), ('Net-(U2-DRAIN2)', 'Net-(U6-DRAIN2)'), ('unconnected-(K4-Pad7)', 'unconnected-(K44-Pad7)')]
05-04 16:32:54 root 299:updating GUI message: 'Replicating text'
05-04 16:32:54 com_github_MitjaNemec_ReplicateLayout.replicate_layout 1034:Replicating text
05-04 16:32:54 com_github_MitjaNemec_ReplicateLayout.replicate_layout 1041:Replicating text on sheet ['Relay_group1']
05-04 16:32:54 com_github_MitjaNemec_ReplicateLayout.replicate_layout 1041:Replicating text on sheet ['Relay_group3']
05-04 16:32:54 com_github_MitjaNemec_ReplicateLayout.replicate_layout 1041:Replicating text on sheet ['Relay_group4']
05-04 16:32:54 com_github_MitjaNemec_ReplicateLayout.replicate_layout 1041:Replicating text on sheet ['Relay_group5']
05-04 16:32:54 com_github_MitjaNemec_ReplicateLayout.replicate_layout 1041:Replicating text on sheet ['Relay_group6']
05-04 16:32:54 root 299:updating GUI message: 'Replicating drawings'
05-04 16:32:54 com_github_MitjaNemec_ReplicateLayout.replicate_layout 1074:Replicating drawings
05-04 16:32:54 com_github_MitjaNemec_ReplicateLayout.replicate_layout 1080:Replicating drawings on sheet ['Relay_group1']
05-04 16:32:54 com_github_MitjaNemec_ReplicateLayout.replicate_layout 1080:Replicating drawings on sheet ['Relay_group3']
05-04 16:32:54 com_github_MitjaNemec_ReplicateLayout.replicate_layout 1080:Replicating drawings on sheet ['Relay_group4']
05-04 16:32:54 com_github_MitjaNemec_ReplicateLayout.replicate_layout 1080:Replicating drawings on sheet ['Relay_group5']
05-04 16:32:54 com_github_MitjaNemec_ReplicateLayout.replicate_layout 1080:Replicating drawings on sheet ['Relay_group6']
05-04 16:32:54 com_github_MitjaNemec_ReplicateLayout.action_replicate_layout 223:Replication complete
05-04 16:32:54 com_github_MitjaNemec_ReplicateLayout.action_replicate_layout 226:Letting the user know there are some issues with replicated design
05-04 16:32:54 com_github_MitjaNemec_ReplicateLayout.action_replicate_layout 230:Looks like the design has an exotic connectivity that is not supported by the plugin
 Make sure that you check the connectivity around:
Footprint U1, pad 2

